<?xml version="1.0" encoding="UTF-8"?>
<testsuite name="MusicAdvisorTest" tests="1" skipped="0" failures="1" errors="0" timestamp="2023-07-24T14:53:43" hostname="VUKROXPC" time="5.393">
  <properties/>
  <testcase name="start" classname="MusicAdvisorTest" time="5.393">
    <failure message="java.lang.AssertionError: Wrong answer in test #1&#10;&#10;Not found correct access token in the result. Make sure, that you use the server from the command line arguments to access the token.&#10;&#10;Please find below the output of your program during this failed test.&#10;Note that the '&gt;' character indicates the beginning of the input line.&#10;&#10;---&#10;&#10;Arguments: -access http://127.0.0.1:45678&#10;&#10;&gt; auth&#10;use this link to request the access code: &#10;https://accounts.spotify.com/authorize?client_id=0db1be20b0494973a17516bae8af091d&amp;redirect_uri=http://localhost:8181/callback&amp;response_type=code&#10;waiting for code...&#10;code received&#10;making http request for access_token...&#10;response:&#10;{&quot;access_token&quot;:&quot;BQBBBe5UMPIA96jPDNy1vZgKBO6Xl6_CqmEhncn0-7EHitrOwwUFdQmRwd2d-Zvht6k3OsEVJlQpvMpXeuV0GPBhoKXCe9SMg0D44kSwjKoZxM9iM932gee0RHVg2_sN8oFqNTeNPsKX7ZG23J3d1uEjhFSOM55pmXNhLKtuTCizOIT0BGe6c4VEk0TGwv2boD0GnQ&quot;,&quot;token_type&quot;:&quot;Bearer&quot;,&quot;expires_in&quot;:3600,&quot;refresh_token&quot;:&quot;AQB6CxjHLaWy8x3LAVy3hm-sLoevg2pFKws4JaXFE97aRa1kwJ__KSRcPpqwrYzvhkf3cRArCfMKVe9rc2_f1_pK6DFfPdr2iSefNyGIGGHRPH2z5egnpFruv51nnghPM7M&quot;}&#10;---SUCCESS---" type="java.lang.AssertionError">java.lang.AssertionError: Wrong answer in test #1

Not found correct access token in the result. Make sure, that you use the server from the command line arguments to access the token.

Please find below the output of your program during this failed test.
Note that the '&gt;' character indicates the beginning of the input line.

---

Arguments: -access http://127.0.0.1:45678

&gt; auth
use this link to request the access code: 
https://accounts.spotify.com/authorize?client_id=0db1be20b0494973a17516bae8af091d&amp;redirect_uri=http://localhost:8181/callback&amp;response_type=code
waiting for code...
code received
making http request for access_token...
response:
{&quot;access_token&quot;:&quot;BQBBBe5UMPIA96jPDNy1vZgKBO6Xl6_CqmEhncn0-7EHitrOwwUFdQmRwd2d-Zvht6k3OsEVJlQpvMpXeuV0GPBhoKXCe9SMg0D44kSwjKoZxM9iM932gee0RHVg2_sN8oFqNTeNPsKX7ZG23J3d1uEjhFSOM55pmXNhLKtuTCizOIT0BGe6c4VEk0TGwv2boD0GnQ&quot;,&quot;token_type&quot;:&quot;Bearer&quot;,&quot;expires_in&quot;:3600,&quot;refresh_token&quot;:&quot;AQB6CxjHLaWy8x3LAVy3hm-sLoevg2pFKws4JaXFE97aRa1kwJ__KSRcPpqwrYzvhkf3cRArCfMKVe9rc2_f1_pK6DFfPdr2iSefNyGIGGHRPH2z5egnpFruv51nnghPM7M&quot;}
---SUCCESS---
	at org.junit.Assert.fail(Assert.java:89)
	at org.hyperskill.hstest.stage.StageTest.start(StageTest.java:203)
	at java.base/jdk.internal.reflect.NativeMethodAccessorImpl.invoke0(Native Method)
	at java.base/jdk.internal.reflect.NativeMethodAccessorImpl.invoke(NativeMethodAccessorImpl.java:77)
	at java.base/jdk.internal.reflect.DelegatingMethodAccessorImpl.invoke(DelegatingMethodAccessorImpl.java:43)
	at java.base/java.lang.reflect.Method.invoke(Method.java:568)
	at org.junit.runners.model.FrameworkMethod$1.runReflectiveCall(FrameworkMethod.java:59)
	at org.junit.internal.runners.model.ReflectiveCallable.run(ReflectiveCallable.java:12)
	at org.junit.runners.model.FrameworkMethod.invokeExplosively(FrameworkMethod.java:56)
	at org.junit.internal.runners.statements.InvokeMethod.evaluate(InvokeMethod.java:17)
	at org.junit.runners.ParentRunner$3.evaluate(ParentRunner.java:306)
	at org.junit.runners.BlockJUnit4ClassRunner$1.evaluate(BlockJUnit4ClassRunner.java:100)
	at org.junit.runners.ParentRunner.runLeaf(ParentRunner.java:366)
	at org.junit.runners.BlockJUnit4ClassRunner.runChild(BlockJUnit4ClassRunner.java:103)
	at org.junit.runners.BlockJUnit4ClassRunner.runChild(BlockJUnit4ClassRunner.java:63)
	at org.junit.runners.ParentRunner$4.run(ParentRunner.java:331)
	at org.junit.runners.ParentRunner$1.schedule(ParentRunner.java:79)
	at org.junit.runners.ParentRunner.runChildren(ParentRunner.java:329)
	at org.junit.runners.ParentRunner.access$100(ParentRunner.java:66)
	at org.junit.runners.ParentRunner$2.evaluate(ParentRunner.java:293)
	at org.junit.internal.runners.statements.RunAfters.evaluate(RunAfters.java:27)
	at org.junit.runners.ParentRunner$3.evaluate(ParentRunner.java:306)
	at org.junit.runners.ParentRunner.run(ParentRunner.java:413)
	at org.gradle.api.internal.tasks.testing.junit.JUnitTestClassExecutor.runTestClass(JUnitTestClassExecutor.java:110)
	at org.gradle.api.internal.tasks.testing.junit.JUnitTestClassExecutor.execute(JUnitTestClassExecutor.java:58)
	at org.gradle.api.internal.tasks.testing.junit.JUnitTestClassExecutor.execute(JUnitTestClassExecutor.java:38)
	at org.gradle.api.internal.tasks.testing.junit.AbstractJUnitTestClassProcessor.processTestClass(AbstractJUnitTestClassProcessor.java:62)
	at org.gradle.api.internal.tasks.testing.SuiteTestClassProcessor.processTestClass(SuiteTestClassProcessor.java:51)
	at java.base/jdk.internal.reflect.NativeMethodAccessorImpl.invoke0(Native Method)
	at java.base/jdk.internal.reflect.NativeMethodAccessorImpl.invoke(NativeMethodAccessorImpl.java:77)
	at java.base/jdk.internal.reflect.DelegatingMethodAccessorImpl.invoke(DelegatingMethodAccessorImpl.java:43)
	at java.base/java.lang.reflect.Method.invoke(Method.java:568)
	at org.gradle.internal.dispatch.ReflectionDispatch.dispatch(ReflectionDispatch.java:36)
	at org.gradle.internal.dispatch.ReflectionDispatch.dispatch(ReflectionDispatch.java:24)
	at org.gradle.internal.dispatch.ContextClassLoaderDispatch.dispatch(ContextClassLoaderDispatch.java:33)
	at org.gradle.internal.dispatch.ProxyDispatchAdapter$DispatchingInvocationHandler.invoke(ProxyDispatchAdapter.java:94)
	at jdk.proxy1/jdk.proxy1.$Proxy2.processTestClass(Unknown Source)
	at org.gradle.api.internal.tasks.testing.worker.TestWorker$2.run(TestWorker.java:176)
	at org.gradle.api.internal.tasks.testing.worker.TestWorker.executeAndMaintainThreadName(TestWorker.java:129)
	at org.gradle.api.internal.tasks.testing.worker.TestWorker.execute(TestWorker.java:100)
	at org.gradle.api.internal.tasks.testing.worker.TestWorker.execute(TestWorker.java:60)
	at org.gradle.process.internal.worker.child.ActionExecutionWorker.execute(ActionExecutionWorker.java:56)
	at org.gradle.process.internal.worker.child.SystemApplicationClassLoaderWorker.call(SystemApplicationClassLoaderWorker.java:133)
	at org.gradle.process.internal.worker.child.SystemApplicationClassLoaderWorker.call(SystemApplicationClassLoaderWorker.java:71)
	at worker.org.gradle.process.internal.worker.GradleWorkerMain.run(GradleWorkerMain.java:69)
	at worker.org.gradle.process.internal.worker.GradleWorkerMain.main(GradleWorkerMain.java:74)
</failure>
  </testcase>
  <system-out><![CDATA[?[1;31m
Start test 1?[0m
> auth
use this link to request the access code: 
https://accounts.spotify.com/authorize?client_id=0db1be20b0494973a17516bae8af091d&redirect_uri=http://localhost:8181/callback&response_type=code
waiting for code...
?[0;34mTester: making requests to redirect uri: http://localhost:8181/callback
?[0m?[0;34mTester: Error: HTTP/1.1 header parser received no bytes
code received
making http request for access_token...
response:
{"access_token":"BQBBBe5UMPIA96jPDNy1vZgKBO6Xl6_CqmEhncn0-7EHitrOwwUFdQmRwd2d-Zvht6k3OsEVJlQpvMpXeuV0GPBhoKXCe9SMg0D44kSwjKoZxM9iM932gee0RHVg2_sN8oFqNTeNPsKX7ZG23J3d1uEjhFSOM55pmXNhLKtuTCizOIT0BGe6c4VEk0TGwv2boD0GnQ","token_type":"Bearer","expires_in":3600,"refresh_token":"AQB6CxjHLaWy8x3LAVy3hm-sLoevg2pFKws4JaXFE97aRa1kwJ__KSRcPpqwrYzvhkf3cRArCfMKVe9rc2_f1_pK6DFfPdr2iSefNyGIGGHRPH2z5egnpFruv51nnghPM7M"}
---SUCCESS---
]]></system-out>
  <system-err><![CDATA[?[0;34mjava.io.IOException: HTTP/1.1 header parser received no bytes
?[0m?[0;34m	at java.net.http/jdk.internal.net.http.HttpClientImpl.send(HttpClientImpl.java:586)
?[0m?[0;34m	at java.net.http/jdk.internal.net.http.HttpClientFacade.send(HttpClientFacade.java:123)
?[0m?[0;34m	at Server.run(Server.java:74)
?[0m?[0;34mCaused by: java.io.IOException: HTTP/1.1 header parser received no bytes
?[0m?[0;34m	at java.net.http/jdk.internal.net.http.common.Utils.wrapWithExtraDetail(Utils.java:348)
?[0m?[0;34m	at java.net.http/jdk.internal.net.http.Http1Response$HeadersReader.onReadError(Http1Response.java:675)
?[0m?[0;34m	at java.net.http/jdk.internal.net.http.Http1AsyncReceiver.checkForErrors(Http1AsyncReceiver.java:302)
?[0m?[0;34m	at java.net.http/jdk.internal.net.http.Http1AsyncReceiver.flush(Http1AsyncReceiver.java:268)
?[0m?[0;34m	at java.net.http/jdk.internal.net.http.common.SequentialScheduler$LockingRestartableTask.run(SequentialScheduler.java:205)
?[0m?[0;34m	at java.net.http/jdk.internal.net.http.common.SequentialScheduler$CompleteRestartableTask.run(SequentialScheduler.java:149)
?[0m?[0;34m	at java.net.http/jdk.internal.net.http.common.SequentialScheduler$SchedulableTask.run(SequentialScheduler.java:230)
?[0m?[0;34m	at java.base/java.util.concurrent.ThreadPoolExecutor.runWorker(ThreadPoolExecutor.java:1136)
?[0m?[0;34m	at java.base/java.util.concurrent.ThreadPoolExecutor$Worker.run(ThreadPoolExecutor.java:635)
?[0m?[0;34m	at java.base/java.lang.Thread.run(Thread.java:833)
?[0m?[0;34m	at java.base/jdk.internal.misc.InnocuousThread.run(InnocuousThread.java:162)
?[0m?[0;34mCaused by: java.io.EOFException: EOF reached while reading
?[0m?[0;34m	at java.net.http/jdk.internal.net.http.Http1AsyncReceiver$Http1TubeSubscriber.onComplete(Http1AsyncReceiver.java:596)
?[0m?[0;34m	at java.net.http/jdk.internal.net.http.SocketTube$InternalReadPublisher$ReadSubscription.signalCompletion(SocketTube.java:640)
?[0m?[0;34m	at java.net.http/jdk.internal.net.http.SocketTube$InternalReadPublisher$InternalReadSubscription.read(SocketTube.java:845)
?[0m?[0;34m	at java.net.http/jdk.internal.net.http.SocketTube$SocketFlowTask.run(SocketTube.java:181)
?[0m?[0;34m	at java.net.http/jdk.internal.net.http.common.SequentialScheduler$SchedulableTask.run(SequentialScheduler.java:230)
?[0m?[0;34m	at java.net.http/jdk.internal.net.http.common.SequentialScheduler.runOrSchedule(SequentialScheduler.java:303)
?[0m?[0;34m	at java.net.http/jdk.internal.net.http.common.SequentialScheduler.runOrSchedule(SequentialScheduler.java:256)
?[0m?[0;34m	at java.net.http/jdk.internal.net.http.SocketTube$InternalReadPublisher$InternalReadSubscription.signalReadable(SocketTube.java:774)
?[0m?[0;34m	at java.net.http/jdk.internal.net.http.SocketTube$InternalReadPublisher$ReadEvent.signalEvent(SocketTube.java:957)
?[0m?[0;34m	at java.net.http/jdk.internal.net.http.SocketTube$SocketFlowEvent.handle(SocketTube.java:253)
?[0m?[0;34m	at java.net.http/jdk.internal.net.http.HttpClientImpl$SelectorManager.handleEvent(HttpClientImpl.java:979)
?[0m?[0;34m	at java.net.http/jdk.internal.net.http.HttpClientImpl$SelectorManager.lambda$run$3(HttpClientImpl.java:934)
?[0m?[0;34m	at java.base/java.util.ArrayList.forEach(ArrayList.java:1511)
?[0m?[0;34m	at java.net.http/jdk.internal.net.http.HttpClientImpl$SelectorManager.run(HttpClientImpl.java:934)
]]></system-err>
</testsuite>
